<?xml version="1.0" encoding="UTF-8"?>
<!-- Generated by org.testng.reporters.JUnitReportReporter -->
<testsuite hostname="Sayid" failures="0" tests="1" name="TodoistApp.tests.TodoistHomePageTest" time="0.031" errors="0" timestamp="16 Oct 2023 09:12:54 GMT" skipped="0">
  <testcase classname="TodoistApp.tests.TodoistHomePageTest" name="GoogleButton" time="0.031"/>
</testsuite> <!-- TodoistApp.tests.TodoistHomePageTest -->
