<?xml version="1.0" encoding="UTF-8"?>
<!-- Generated by org.testng.reporters.JUnitReportReporter -->
<testsuite hostname="Sayid" failures="0" tests="21" name="TodoistApp.driver.TodoistAppTest" time="134.969" errors="0" timestamp="16 Oct 2023 14:25:58 GMT" skipped="0">
  <testcase classname="TodoistApp.driver.TodoistAppTest" name="LogIn" time="38.581"/>
  <testcase classname="TodoistApp.driver.TodoistAppTest" name="AddTaskButton" time="5.595"/>
  <testcase classname="TodoistApp.driver.TodoistAppTest" name="TaskNameField" time="2.740"/>
  <testcase classname="TodoistApp.driver.TodoistAppTest" name="TaskDescriptionField" time="3.407"/>
  <testcase classname="TodoistApp.driver.TodoistAppTest" name="SelectDateButton" time="3.226"/>
  <testcase classname="TodoistApp.driver.TodoistAppTest" name="TumorrowButton" time="4.330"/>
  <testcase classname="TodoistApp.driver.TodoistAppTest" name="PriorityButton" time="4.498"/>
  <testcase classname="TodoistApp.driver.TodoistAppTest" name="AddButton" time="2.323"/>
  <testcase classname="TodoistApp.driver.TodoistAppTest" name="InboxButton" time="9.807"/>
  <testcase classname="TodoistApp.driver.TodoistAppTest" name="ThreeDotButton" time="6.749"/>
  <testcase classname="TodoistApp.driver.TodoistAppTest" name="DuplicateTask" time="5.171"/>
  <testcase classname="TodoistApp.driver.TodoistAppTest" name="CompleteTask" time="7.011"/>
  <testcase classname="TodoistApp.driver.TodoistAppTest" name="ThreeDotManuHome" time="3.838"/>
  <testcase classname="TodoistApp.driver.TodoistAppTest" name="ActivityLog" time="7.140"/>
  <testcase classname="TodoistApp.driver.TodoistAppTest" name="BackButton" time="4.204"/>
  <testcase classname="TodoistApp.driver.TodoistAppTest" name="SearchBtn" time="5.210"/>
  <testcase classname="TodoistApp.driver.TodoistAppTest" name="TodayBtn" time="6.908"/>
  <testcase classname="TodoistApp.driver.TodoistAppTest" name="NotificationButton" time="3.256"/>
  <testcase classname="TodoistApp.driver.TodoistAppTest" name="UnreadButton" time="4.334"/>
  <testcase classname="TodoistApp.driver.TodoistAppTest" name="NotificationBackButton" time="4.435"/>
  <testcase classname="TodoistApp.driver.TodoistAppTest" name="Profile" time="2.206"/>
</testsuite> <!-- TodoistApp.driver.TodoistAppTest -->
