<?xml version="1.0" encoding="UTF-8"?>
<!-- Generated by org.testng.reporters.JUnitReportReporter -->
<testsuite hostname="Sayid" failures="0" tests="8" name="TodoistApp.driver.BaseDriver" time="43.610" errors="0" timestamp="16 Oct 2023 11:43:18 GMT" skipped="0">
  <testcase classname="TodoistApp.driver.BaseDriver" name="LogIn" time="21.981"/>
  <testcase classname="TodoistApp.driver.BaseDriver" name="AddTaskButton" time="3.023"/>
  <testcase classname="TodoistApp.driver.BaseDriver" name="TaskNameField" time="3.026"/>
  <testcase classname="TodoistApp.driver.BaseDriver" name="TaskDescriptionField" time="2.890"/>
  <testcase classname="TodoistApp.driver.BaseDriver" name="SelectDateButton" time="2.205"/>
  <testcase classname="TodoistApp.driver.BaseDriver" name="TumorrowButton" time="2.178"/>
  <testcase classname="TodoistApp.driver.BaseDriver" name="PriorityButton" time="5.613"/>
  <testcase classname="TodoistApp.driver.BaseDriver" name="AddButton" time="2.694"/>
</testsuite> <!-- TodoistApp.driver.BaseDriver -->
