<?xml version="1.0" encoding="UTF-8"?>
<!-- Generated by org.testng.reporters.JUnitReportReporter -->
<testsuite hostname="Sayid" failures="0" tests="1" name="Todoist.AppTest.TestApp" time="36.198" errors="0" timestamp="16 Oct 2023 06:23:14 GMT" skipped="0">
  <testcase classname="Todoist.AppTest.TestApp" name="driverSetup" time="36.198"/>
</testsuite> <!-- Todoist.AppTest.TestApp -->
